[2023-02-03 16:56:42 : INFO] - Re_Smush_It_Task server status: Online 
[2023-02-03 16:56:43 : INFO] - Processing task with ID : 4, and type 'smush' 
[2023-02-03 16:56:43 : INFO] - Processing task with ID : 4, and type 'smush' 
[2023-02-03 16:56:43 : INFO] - Re_Smush_It_Task - attachment ID : 3270, started on : February 03, 2023 04:56:43 
[2023-02-03 16:56:43 : INFO] - Re_Smush_It_Task - attachment ID : 3270, started on : February 03, 2023 04:56:43 
[2023-02-03 16:56:43 : INFO] - There were no WebP conversion tools found on your server. 
[2023-02-03 16:56:43 : INFO] - There were no WebP conversion tools found on your server. 
[2023-02-03 16:56:43 : INFO] - 65 
[2023-02-03 16:56:43 : INFO] - 65 
[2023-02-03 16:56:43 : INFO] - Backing up the original image - 003-mapa-europa-difusio-renaixement-cat-gran2-scaled-updraft-pre-smush-original.jpg 
[2023-02-03 16:56:43 : INFO] - Backing up the original image - 003-mapa-europa-difusio-renaixement-cat-gran2-scaled-updraft-pre-smush-original.jpg 
[2023-02-03 16:56:43 : INFO] - Re_Smush_It_Task - attachment ID : 3270, started on : February 03, 2023 04:56:43 
[2023-02-03 16:56:43 : INFO] - Re_Smush_It_Task - attachment ID : 3270, started on : February 03, 2023 04:56:43 
[2023-02-03 16:56:43 : INFO] - There were no WebP conversion tools found on your server. 
[2023-02-03 16:56:43 : INFO] - There were no WebP conversion tools found on your server. 
[2023-02-03 16:56:43 : INFO] - 65 
[2023-02-03 16:56:43 : INFO] - 65 
[2023-02-03 16:56:43 : INFO] - Re_Smush_It_Task - attachment ID : 3270, started on : February 03, 2023 04:56:43 
[2023-02-03 16:56:43 : INFO] - Re_Smush_It_Task - attachment ID : 3270, started on : February 03, 2023 04:56:43 
[2023-02-03 16:56:43 : INFO] - There were no WebP conversion tools found on your server. 
[2023-02-03 16:56:43 : INFO] - There were no WebP conversion tools found on your server. 
[2023-02-03 16:56:43 : INFO] - 65 
[2023-02-03 16:56:43 : INFO] - 65 
[2023-02-03 16:56:43 : INFO] - Re_Smush_It_Task - attachment ID : 3270, started on : February 03, 2023 04:56:43 
[2023-02-03 16:56:43 : INFO] - Re_Smush_It_Task - attachment ID : 3270, started on : February 03, 2023 04:56:43 
[2023-02-03 16:56:43 : INFO] - There were no WebP conversion tools found on your server. 
[2023-02-03 16:56:43 : INFO] - There were no WebP conversion tools found on your server. 
[2023-02-03 16:56:43 : INFO] - 65 
[2023-02-03 16:56:43 : INFO] - 65 
[2023-02-03 16:56:43 : INFO] - Re_Smush_It_Task - attachment ID : 3270, started on : February 03, 2023 04:56:43 
[2023-02-03 16:56:43 : INFO] - Re_Smush_It_Task - attachment ID : 3270, started on : February 03, 2023 04:56:43 
[2023-02-03 16:56:43 : INFO] - There were no WebP conversion tools found on your server. 
[2023-02-03 16:56:43 : INFO] - There were no WebP conversion tools found on your server. 
[2023-02-03 16:56:43 : INFO] - 65 
[2023-02-03 16:56:43 : INFO] - 65 
[2023-02-03 16:56:44 : INFO] - Re_Smush_It_Task - attachment ID : 3270, started on : February 03, 2023 04:56:43 
[2023-02-03 16:56:44 : INFO] - Re_Smush_It_Task - attachment ID : 3270, started on : February 03, 2023 04:56:43 
[2023-02-03 16:56:44 : INFO] - There were no WebP conversion tools found on your server. 
[2023-02-03 16:56:44 : INFO] - There were no WebP conversion tools found on your server. 
[2023-02-03 16:56:44 : INFO] - 65 
[2023-02-03 16:56:44 : INFO] - 65 
[2023-02-03 16:56:44 : INFO] - Re_Smush_It_Task - attachment ID : 3270, started on : February 03, 2023 04:56:43 
[2023-02-03 16:56:44 : INFO] - Re_Smush_It_Task - attachment ID : 3270, started on : February 03, 2023 04:56:43 
[2023-02-03 16:56:44 : INFO] - There were no WebP conversion tools found on your server. 
[2023-02-03 16:56:44 : INFO] - There were no WebP conversion tools found on your server. 
[2023-02-03 16:56:44 : INFO] - 65 
[2023-02-03 16:56:44 : INFO] - 65 
[2023-02-03 16:56:44 : INFO] - Re_Smush_It_Task - attachment ID : 3270, started on : February 03, 2023 04:56:43 
[2023-02-03 16:56:44 : INFO] - Re_Smush_It_Task - attachment ID : 3270, started on : February 03, 2023 04:56:43 
[2023-02-03 16:56:44 : INFO] - There were no WebP conversion tools found on your server. 
[2023-02-03 16:56:44 : INFO] - There were no WebP conversion tools found on your server. 
[2023-02-03 16:56:44 : INFO] - 65 
[2023-02-03 16:56:44 : INFO] - 65 
[2023-02-03 16:56:44 : INFO] - Successfully optimized the image - /home/kvqphwff/public_html/wp-content/uploads/003-mapa-europa-difusio-renaixement-cat-gran2-scaled.jpg.The file was compressed from 684.00 KB to 400.68 KB saving 41.42 percent using WP-Optimize 
[2023-02-03 16:56:44 : INFO] - Successfully optimized the image - /home/kvqphwff/public_html/wp-content/uploads/003-mapa-europa-difusio-renaixement-cat-gran2-scaled.jpg.The file was compressed from 684.00 KB to 400.68 KB saving 41.42 percent using WP-Optimize 
[2023-02-03 16:56:44 : INFO] - Completed processing task with ID : 4, and type 'smush' 
[2023-02-03 16:56:44 : INFO] - Completed processing task with ID : 4, and type 'smush' 
